2024-08-04 13:26:17,340 - TenableProject -INFO - Browser is closed
2024-08-04 13:26:26,289 - TenableProject -INFO - url is Open
2024-08-04 13:26:26,433 - TenableProject -INFO - Browser is Maximized
2024-08-04 13:26:26,565 - TenableProject -INFO - Test case is passed
2024-08-04 13:26:27,070 - TenableProject -INFO - Browser is closed
2024-08-04 13:26:35,553 - TenableProject -INFO - url is Open
2024-08-04 13:26:35,668 - TenableProject -INFO - Browser is Maximized
2024-08-04 13:26:37,942 - TendableProject -INFO - click on ContactUS
2024-08-04 13:26:37,991 - TendableProject -INFO - click on MarketingOptions
2024-08-04 13:26:38,123 - TendableProject -INFO - entered FullName
2024-08-04 13:26:38,320 - TendableProject -INFO - enter Orgnisation name
2024-08-04 13:26:38,462 - TendableProject -INFO - Phone No is Enterd
2024-08-04 13:26:38,602 - TendableProject -INFO - email Id is Entered
2024-08-04 13:26:38,602 - TendableProject -INFO - Message field is Empty
2024-08-04 13:26:38,650 - TendableProject -INFO - click on IAgree
2024-08-04 13:26:38,747 - TendableProject -INFO - click on Submit
2024-08-04 13:26:39,480 - TenableProject -INFO - Browser is closed
2024-08-04 16:35:26,035 - TenableProject -INFO - Browser is closed
2024-08-04 16:35:32,843 - TenableProject -INFO - url is Open
2024-08-04 16:35:32,951 - TenableProject -INFO - Browser is Maximized
2024-08-04 16:35:33,025 - TenableProject -INFO - Test case is passed
2024-08-04 16:35:33,353 - TenableProject -INFO - Browser is closed
2024-08-04 16:35:39,938 - TenableProject -INFO - url is Open
2024-08-04 16:35:40,053 - TenableProject -INFO - Browser is Maximized
2024-08-04 16:35:42,205 - TendableProject -INFO - click on ContactUS
2024-08-04 16:35:42,238 - TendableProject -INFO - click on MarketingOptions
2024-08-04 16:35:42,357 - TendableProject -INFO - entered FullName
2024-08-04 16:35:42,505 - TendableProject -INFO - enter Orgnisation name
2024-08-04 16:35:42,629 - TendableProject -INFO - Phone No is Enterd
2024-08-04 16:35:42,772 - TendableProject -INFO - email Id is Entered
2024-08-04 16:35:42,774 - TendableProject -INFO - Message field is Empty
2024-08-04 16:35:42,805 - TendableProject -INFO - click on IAgree
2024-08-04 16:35:42,878 - TendableProject -INFO - click on Submit
2024-08-04 16:35:43,335 - TenableProject -INFO - Browser is closed
2024-08-04 16:39:41,493 - TenableProject -INFO - Browser is closed
2024-08-04 16:39:44,628 - TenableProject -INFO - url is Open
2024-08-04 16:39:49,499 - TenableProject -INFO - Browser is Maximized
2024-08-04 16:39:49,576 - TenableProject -INFO - Test case is passed
2024-08-04 16:39:49,990 - TenableProject -INFO - Browser is closed
2024-08-04 16:40:01,755 - TenableProject -INFO - url is Open
2024-08-04 16:40:01,850 - TenableProject -INFO - Browser is Maximized
2024-08-04 16:40:04,063 - TendableProject -INFO - click on ContactUS
2024-08-04 16:40:04,104 - TendableProject -INFO - click on MarketingOptions
2024-08-04 16:40:04,265 - TendableProject -INFO - entered FullName
2024-08-04 16:40:04,438 - TendableProject -INFO - enter Orgnisation name
2024-08-04 16:40:04,590 - TendableProject -INFO - Phone No is Enterd
2024-08-04 16:40:04,772 - TendableProject -INFO - email Id is Entered
2024-08-04 16:40:04,772 - TendableProject -INFO - Message field is Empty
2024-08-04 16:40:04,840 - TendableProject -INFO - click on IAgree
2024-08-04 16:40:05,065 - TendableProject -INFO - click on Submit
2024-08-04 16:40:05,714 - TenableProject -INFO - Browser is closed
