2024-08-04 13:26:17,340 [main] INFO TenableProject - Browser is closed
2024-08-04 13:26:26,289 [main] INFO TenableProject - url is Open
2024-08-04 13:26:26,433 [main] INFO TenableProject - Browser is Maximized
2024-08-04 13:26:26,565 [main] INFO TenableProject - Test case is passed
2024-08-04 13:26:27,070 [main] INFO TenableProject - Browser is closed
2024-08-04 13:26:35,553 [main] INFO TenableProject - url is Open
2024-08-04 13:26:35,668 [main] INFO TenableProject - Browser is Maximized
2024-08-04 13:26:37,942 [main] INFO TendableProject - click on ContactUS
2024-08-04 13:26:37,991 [main] INFO TendableProject - click on MarketingOptions
2024-08-04 13:26:38,123 [main] INFO TendableProject - entered FullName
2024-08-04 13:26:38,320 [main] INFO TendableProject - enter Orgnisation name
2024-08-04 13:26:38,462 [main] INFO TendableProject - Phone No is Enterd
2024-08-04 13:26:38,602 [main] INFO TendableProject - email Id is Entered
2024-08-04 13:26:38,602 [main] INFO TendableProject - Message field is Empty
2024-08-04 13:26:38,650 [main] INFO TendableProject - click on IAgree
2024-08-04 13:26:38,747 [main] INFO TendableProject - click on Submit
2024-08-04 13:26:39,480 [main] INFO TenableProject - Browser is closed
2024-08-04 16:35:26,035 [main] INFO TenableProject - Browser is closed
2024-08-04 16:35:32,843 [main] INFO TenableProject - url is Open
2024-08-04 16:35:32,951 [main] INFO TenableProject - Browser is Maximized
2024-08-04 16:35:33,025 [main] INFO TenableProject - Test case is passed
2024-08-04 16:35:33,353 [main] INFO TenableProject - Browser is closed
2024-08-04 16:35:39,938 [main] INFO TenableProject - url is Open
2024-08-04 16:35:40,053 [main] INFO TenableProject - Browser is Maximized
2024-08-04 16:35:42,205 [main] INFO TendableProject - click on ContactUS
2024-08-04 16:35:42,238 [main] INFO TendableProject - click on MarketingOptions
2024-08-04 16:35:42,357 [main] INFO TendableProject - entered FullName
2024-08-04 16:35:42,505 [main] INFO TendableProject - enter Orgnisation name
2024-08-04 16:35:42,629 [main] INFO TendableProject - Phone No is Enterd
2024-08-04 16:35:42,772 [main] INFO TendableProject - email Id is Entered
2024-08-04 16:35:42,774 [main] INFO TendableProject - Message field is Empty
2024-08-04 16:35:42,805 [main] INFO TendableProject - click on IAgree
2024-08-04 16:35:42,878 [main] INFO TendableProject - click on Submit
2024-08-04 16:35:43,335 [main] INFO TenableProject - Browser is closed
2024-08-04 16:39:41,493 [main] INFO TenableProject - Browser is closed
2024-08-04 16:39:44,628 [main] INFO TenableProject - url is Open
2024-08-04 16:39:49,499 [main] INFO TenableProject - Browser is Maximized
2024-08-04 16:39:49,576 [main] INFO TenableProject - Test case is passed
2024-08-04 16:39:49,990 [main] INFO TenableProject - Browser is closed
2024-08-04 16:40:01,755 [main] INFO TenableProject - url is Open
2024-08-04 16:40:01,850 [main] INFO TenableProject - Browser is Maximized
2024-08-04 16:40:04,063 [main] INFO TendableProject - click on ContactUS
2024-08-04 16:40:04,104 [main] INFO TendableProject - click on MarketingOptions
2024-08-04 16:40:04,265 [main] INFO TendableProject - entered FullName
2024-08-04 16:40:04,438 [main] INFO TendableProject - enter Orgnisation name
2024-08-04 16:40:04,590 [main] INFO TendableProject - Phone No is Enterd
2024-08-04 16:40:04,772 [main] INFO TendableProject - email Id is Entered
2024-08-04 16:40:04,772 [main] INFO TendableProject - Message field is Empty
2024-08-04 16:40:04,840 [main] INFO TendableProject - click on IAgree
2024-08-04 16:40:05,065 [main] INFO TendableProject - click on Submit
2024-08-04 16:40:05,714 [main] INFO TenableProject - Browser is closed
